This file contains any messages produced by compilers while
running configure, to aid debugging if configure makes a mistake.

It was created by gmlive configure 0.01, which was
generated by GNU Autoconf 2.61.  Invocation command line was

  $ ./configure 

## --------- ##
## Platform. ##
## --------- ##

hostname = leros-desktop
uname -m = i686
uname -r = 2.6.22-14-386
uname -s = Linux
uname -v = #1 Sun Oct 14 22:36:54 GMT 2007

/usr/bin/uname -p = unknown
/bin/uname -X     = unknown

/bin/arch              = unknown
/usr/bin/arch -k       = unknown
/usr/convex/getsysinfo = unknown
/usr/bin/hostinfo      = unknown
/bin/machine           = unknown
/usr/bin/oslevel       = unknown
/bin/universe          = unknown

PATH: /usr/java/j2sdk1.4.2_04/bin
PATH: /usr/local/bin
PATH: /usr/bin
PATH: /bin
PATH: /usr/bin/X11
PATH: /usr/games
PATH: /sbin/
PATH: /usr/sbin


## ----------- ##
## Core tests. ##
## ----------- ##

configure:1755: checking for a BSD-compatible install
configure:1811: result: /usr/bin/install -c
configure:1822: checking whether build environment is sane
configure:1865: result: yes
configure:1893: checking for a thread-safe mkdir -p
configure:1932: result: /bin/mkdir -p
configure:1945: checking for gawk
configure:1961: found /usr/bin/gawk
configure:1972: result: gawk
configure:1983: checking whether make sets $(MAKE)
configure:2004: result: yes
configure:2243: checking for g++
configure:2259: found /usr/bin/g++
configure:2270: result: g++
configure:2301: checking for C++ compiler version
configure:2308: g++ --version >&5
g++ (GCC) 4.1.3 20070929 (prerelease) (Ubuntu 4.1.2-16ubuntu2)
Copyright (C) 2006 Free Software Foundation, Inc.
This is free software; see the source for copying conditions.  There is NO
warranty; not even for MERCHANTABILITY or FITNESS FOR A PARTICULAR PURPOSE.

configure:2311: $? = 0
configure:2318: g++ -v >&5
Using built-in specs.
Target: i486-linux-gnu
Configured with: ../src/configure -v --enable-languages=c,c++,fortran,objc,obj-c++,treelang --prefix=/usr --enable-shared --with-system-zlib --libexecdir=/usr/lib --without-included-gettext --enable-threads=posix --enable-nls --with-gxx-include-dir=/usr/include/c++/4.1.3 --program-suffix=-4.1 --enable-__cxa_atexit --enable-clocale=gnu --enable-libstdcxx-debug --enable-mpfr --enable-checking=release i486-linux-gnu
Thread model: posix
gcc version 4.1.3 20070929 (prerelease) (Ubuntu 4.1.2-16ubuntu2)
configure:2321: $? = 0
configure:2328: g++ -V >&5
g++: '-V' option must have argument
configure:2331: $? = 1
configure:2354: checking for C++ compiler default output file name
configure:2381: g++    conftest.cpp  >&5
configure:2384: $? = 0
configure:2422: result: a.out
configure:2439: checking whether the C++ compiler works
configure:2449: ./a.out
configure:2452: $? = 0
configure:2469: result: yes
configure:2476: checking whether we are cross compiling
configure:2478: result: no
configure:2481: checking for suffix of executables
configure:2488: g++ -o conftest    conftest.cpp  >&5
configure:2491: $? = 0
configure:2515: result: 
configure:2521: checking for suffix of object files
configure:2547: g++ -c   conftest.cpp >&5
configure:2550: $? = 0
configure:2573: result: o
configure:2577: checking whether we are using the GNU C++ compiler
configure:2606: g++ -c   conftest.cpp >&5
configure:2612: $? = 0
configure:2629: result: yes
configure:2634: checking whether g++ accepts -g
configure:2664: g++ -c -g  conftest.cpp >&5
configure:2670: $? = 0
configure:2769: result: yes
configure:2803: checking for style of include used by make
configure:2831: result: GNU
configure:2856: checking dependency style of g++
configure:2947: result: gcc3
configure:2967: checking how to run the C++ preprocessor
configure:3003: g++ -E  conftest.cpp
configure:3009: $? = 0
configure:3040: g++ -E  conftest.cpp
conftest.cpp:8:28: error: ac_nonexistent.h: No such file or directory
configure:3046: $? = 1
configure: failed program was:
| /* confdefs.h.  */
| #define PACKAGE_NAME "gmlive"
| #define PACKAGE_TARNAME "gmlive"
| #define PACKAGE_VERSION "0.01"
| #define PACKAGE_STRING "gmlive 0.01"
| #define PACKAGE_BUGREPORT "xihels@gmail.com"
| /* end confdefs.h.  */
| #include <ac_nonexistent.h>
configure:3079: result: g++ -E
configure:3108: g++ -E  conftest.cpp
configure:3114: $? = 0
configure:3145: g++ -E  conftest.cpp
conftest.cpp:8:28: error: ac_nonexistent.h: No such file or directory
configure:3151: $? = 1
configure: failed program was:
| /* confdefs.h.  */
| #define PACKAGE_NAME "gmlive"
| #define PACKAGE_TARNAME "gmlive"
| #define PACKAGE_VERSION "0.01"
| #define PACKAGE_STRING "gmlive 0.01"
| #define PACKAGE_BUGREPORT "xihels@gmail.com"
| /* end confdefs.h.  */
| #include <ac_nonexistent.h>
configure:3203: checking for socket
configure:3259: g++ -o conftest -g -O2   conftest.cpp  >&5
configure:3265: $? = 0
configure:3283: result: yes
configure:3344: checking for pkg-config
configure:3362: found /usr/bin/pkg-config
configure:3374: result: /usr/bin/pkg-config
configure:3403: checking pkg-config is at least version 0.9.0
configure:3406: result: yes
configure:3417: checking for PACKAGE
configure:3425: $PKG_CONFIG --exists --print-errors "$pkg_modules"
configure:3428: $? = 0
configure:3443: $PKG_CONFIG --exists --print-errors "$pkg_modules"
configure:3446: $? = 0
configure:3522: result: yes
configure:3651: creating ./config.status

## ---------------------- ##
## Running config.status. ##
## ---------------------- ##

This file was extended by gmlive config.status 0.01, which was
generated by GNU Autoconf 2.61.  Invocation command line was

  CONFIG_FILES    = 
  CONFIG_HEADERS  = 
  CONFIG_LINKS    = 
  CONFIG_COMMANDS = 
  $ ./config.status 

on leros-desktop

config.status:638: creating Makefile
config.status:638: creating src/Makefile
config.status:638: creating data/Makefile
config.status:638: creating config.h
config.status:853: config.h is unchanged
config.status:899: executing depfiles commands

## ---------------- ##
## Cache variables. ##
## ---------------- ##

ac_cv_cxx_compiler_gnu=yes
ac_cv_env_CCC_set=
ac_cv_env_CCC_value=
ac_cv_env_CPPFLAGS_set=
ac_cv_env_CPPFLAGS_value=
ac_cv_env_CXXCPP_set=
ac_cv_env_CXXCPP_value=
ac_cv_env_CXXFLAGS_set=
ac_cv_env_CXXFLAGS_value=
ac_cv_env_CXX_set=
ac_cv_env_CXX_value=
ac_cv_env_LDFLAGS_set=
ac_cv_env_LDFLAGS_value=
ac_cv_env_LIBS_set=
ac_cv_env_LIBS_value=
ac_cv_env_PACKAGE_CFLAGS_set=
ac_cv_env_PACKAGE_CFLAGS_value=
ac_cv_env_PACKAGE_LIBS_set=
ac_cv_env_PACKAGE_LIBS_value=
ac_cv_env_PKG_CONFIG_set=
ac_cv_env_PKG_CONFIG_value=
ac_cv_env_build_alias_set=
ac_cv_env_build_alias_value=
ac_cv_env_host_alias_set=
ac_cv_env_host_alias_value=
ac_cv_env_target_alias_set=
ac_cv_env_target_alias_value=
ac_cv_func_socket=yes
ac_cv_objext=o
ac_cv_path_ac_pt_PKG_CONFIG=/usr/bin/pkg-config
ac_cv_path_install='/usr/bin/install -c'
ac_cv_path_mkdir=/bin/mkdir
ac_cv_prog_AWK=gawk
ac_cv_prog_CXXCPP='g++ -E'
ac_cv_prog_ac_ct_CXX=g++
ac_cv_prog_cxx_g=yes
ac_cv_prog_make_make_set=yes
am_cv_CXX_dependencies_compiler_type=gcc3
pkg_cv_PACKAGE_CFLAGS='-I/usr/local/include/freetype2 -I/usr/local/include/libpng12 -I/usr/include/gtkmm-2.4 -I/usr/lib/gtkmm-2.4/include -I/usr/include/glibmm-2.4 -I/usr/lib/glibmm-2.4/include -I/usr/include/gdkmm-2.4 -I/usr/lib/gdkmm-2.4/include -I/usr/include/pangomm-1.4 -I/usr/include/atkmm-1.6 -I/usr/include/gtk-2.0 -I/usr/include/sigc++-2.0 -I/usr/lib/sigc++-2.0/include -I/usr/include/glib-2.0 -I/usr/lib/glib-2.0/include -I/usr/lib/gtk-2.0/include -I/usr/include/cairomm-1.0 -I/usr/include/pango-1.0 -I/usr/include/cairo -I/usr/include/atk-1.0 -I/usr/include/libglademm-2.4 -I/usr/lib/libglademm-2.4/include -I/usr/include/libglade-2.0 -I/usr/include/libxml2  '
pkg_cv_PACKAGE_LIBS='-lglademm-2.4 -lgtkmm-2.4 -lglade-2.0 -lgdkmm-2.4 -latkmm-1.6 -lpangomm-1.4 -lcairomm-1.0 -lglibmm-2.4 -lsigc-2.0 -lgtk-x11-2.0 -lxml2 -lgdk-x11-2.0 -latk-1.0 -lgdk_pixbuf-2.0 -lm -lpangocairo-1.0 -lfontconfig -lXext -lXrender -lXinerama -lXi -lXrandr -lXcursor -lXcomposite -lXdamage -lpango-1.0 -lcairo -lX11 -lXfixes -lgobject-2.0 -lgmodule-2.0 -ldl -lglib-2.0  '

## ----------------- ##
## Output variables. ##
## ----------------- ##

ACLOCAL='${SHELL} /src/gmlive/missing --run aclocal-1.10'
AMDEPBACKSLASH='\'
AMDEP_FALSE='#'
AMDEP_TRUE=''
AMTAR='${SHELL} /src/gmlive/missing --run tar'
AUTOCONF='${SHELL} /src/gmlive/missing --run autoconf'
AUTOHEADER='${SHELL} /src/gmlive/missing --run autoheader'
AUTOMAKE='${SHELL} /src/gmlive/missing --run automake-1.10'
AWK='gawk'
CPPFLAGS=''
CXX='g++'
CXXCPP='g++ -E'
CXXDEPMODE='depmode=gcc3'
CXXFLAGS='-g -O2'
CYGPATH_W='echo'
DEFS='-DHAVE_CONFIG_H'
DEPDIR='.deps'
ECHO_C=''
ECHO_N='-n'
ECHO_T=''
EXEEXT=''
INSTALL_DATA='${INSTALL} -m 644'
INSTALL_PROGRAM='${INSTALL}'
INSTALL_SCRIPT='${INSTALL}'
INSTALL_STRIP_PROGRAM='$(install_sh) -c -s'
LDFLAGS=''
LIBOBJS=''
LIBS=''
LTLIBOBJS=''
MAKEINFO='${SHELL} /src/gmlive/missing --run makeinfo'
OBJEXT='o'
PACKAGE='gmlive'
PACKAGE_BUGREPORT='xihels@gmail.com'
PACKAGE_CFLAGS='-I/usr/local/include/freetype2 -I/usr/local/include/libpng12 -I/usr/include/gtkmm-2.4 -I/usr/lib/gtkmm-2.4/include -I/usr/include/glibmm-2.4 -I/usr/lib/glibmm-2.4/include -I/usr/include/gdkmm-2.4 -I/usr/lib/gdkmm-2.4/include -I/usr/include/pangomm-1.4 -I/usr/include/atkmm-1.6 -I/usr/include/gtk-2.0 -I/usr/include/sigc++-2.0 -I/usr/lib/sigc++-2.0/include -I/usr/include/glib-2.0 -I/usr/lib/glib-2.0/include -I/usr/lib/gtk-2.0/include -I/usr/include/cairomm-1.0 -I/usr/include/pango-1.0 -I/usr/include/cairo -I/usr/include/atk-1.0 -I/usr/include/libglademm-2.4 -I/usr/lib/libglademm-2.4/include -I/usr/include/libglade-2.0 -I/usr/include/libxml2  '
PACKAGE_LIBS='-lglademm-2.4 -lgtkmm-2.4 -lglade-2.0 -lgdkmm-2.4 -latkmm-1.6 -lpangomm-1.4 -lcairomm-1.0 -lglibmm-2.4 -lsigc-2.0 -lgtk-x11-2.0 -lxml2 -lgdk-x11-2.0 -latk-1.0 -lgdk_pixbuf-2.0 -lm -lpangocairo-1.0 -lfontconfig -lXext -lXrender -lXinerama -lXi -lXrandr -lXcursor -lXcomposite -lXdamage -lpango-1.0 -lcairo -lX11 -lXfixes -lgobject-2.0 -lgmodule-2.0 -ldl -lglib-2.0  '
PACKAGE_NAME='gmlive'
PACKAGE_STRING='gmlive 0.01'
PACKAGE_TARNAME='gmlive'
PACKAGE_VERSION='0.01'
PATH_SEPARATOR=':'
PKG_CONFIG='/usr/bin/pkg-config'
SET_MAKE=''
SHELL='/bin/bash'
STRIP=''
VERSION='0.01'
ac_ct_CXX='g++'
am__fastdepCXX_FALSE='#'
am__fastdepCXX_TRUE=''
am__include='include'
am__isrc=''
am__leading_dot='.'
am__quote=''
am__tar='${AMTAR} chof - "$$tardir"'
am__untar='${AMTAR} xf -'
bindir='${exec_prefix}/bin'
build_alias=''
datadir='${datarootdir}'
datarootdir='${prefix}/share'
docdir='${datarootdir}/doc/${PACKAGE_TARNAME}'
dvidir='${docdir}'
exec_prefix='${prefix}'
host_alias=''
htmldir='${docdir}'
includedir='${prefix}/include'
infodir='${datarootdir}/info'
install_sh='$(SHELL) /src/gmlive/install-sh'
libdir='${exec_prefix}/lib'
libexecdir='${exec_prefix}/libexec'
localedir='${datarootdir}/locale'
localstatedir='${prefix}/var'
mandir='${datarootdir}/man'
mkdir_p='/bin/mkdir -p'
oldincludedir='/usr/include'
pdfdir='${docdir}'
prefix='/usr/local'
program_transform_name='s,x,x,'
psdir='${docdir}'
sbindir='${exec_prefix}/sbin'
sharedstatedir='${prefix}/com'
sysconfdir='${prefix}/etc'
target_alias=''

## ----------- ##
## confdefs.h. ##
## ----------- ##

#define PACKAGE_NAME "gmlive"
#define PACKAGE_TARNAME "gmlive"
#define PACKAGE_VERSION "0.01"
#define PACKAGE_STRING "gmlive 0.01"
#define PACKAGE_BUGREPORT "xihels@gmail.com"
#define HAVE_SOCKET 1

configure: exit 0

## ---------------------- ##
## Running config.status. ##
## ---------------------- ##

This file was extended by gmlive config.status 0.01, which was
generated by GNU Autoconf 2.61.  Invocation command line was

  CONFIG_FILES    = 
  CONFIG_HEADERS  = 
  CONFIG_LINKS    = 
  CONFIG_COMMANDS = 
  $ ./config.status src/Makefile depfiles

on leros-desktop

config.status:638: creating src/Makefile
config.status:899: executing depfiles commands
